Disk_Application.exe: 00003320: 10:56:54 []:>--------------------------------------------------------------<
Disk_Application.exe: 00003320: 10:56:54 [TUniServerModule]:Server First Init.
Disk_Application.exe: 00003320: 10:56:54 [TUniServerModule]:Start Path = C:\Users\CPUT\Documents\Embarcadero\Studio\Projects\Disk_Application\Win32\Debug\
Disk_Application.exe: 00003320: 10:56:55 [TUniServerModule]:Starting HTTP Server on Port: 8077...
Disk_Application.exe: 00003320: 10:56:55 [TUniServerModule]:HTTP Server Started on Port: 8077
Disk_Application.exe: 00002E78: 10:57:03 [127.0.0.1]:Exception at $00521545
Disk_Application.exe: 00001D28: 11:07:47 []:>--------------------------------------------------------------<
Disk_Application.exe: 00001D28: 11:07:47 [TUniServerModule]:Server First Init.
Disk_Application.exe: 00001D28: 11:07:47 [TUniServerModule]:Start Path = C:\Users\CPUT\Documents\Embarcadero\Studio\Projects\Disk_Application\Win32\Debug\
Disk_Application.exe: 00001D28: 11:07:47 [TUniGUISessionManager]:Cache erase job created, Folder count: [1]
Disk_Application.exe: 00001D28: 11:07:47 [TUniServerModule]:Starting HTTP Server on Port: 8077...
Disk_Application.exe: 00001D28: 11:07:47 [TUniServerModule]:HTTP Server Started on Port: 8077
Disk_Application.exe: 00001E7C: 11:07:57 [127.0.0.1]:Exception at $012B1545
Disk_Application.exe: 00003918: 11:33:45 []:>--------------------------------------------------------------<
Disk_Application.exe: 00003918: 11:33:45 [TUniServerModule]:Server First Init.
Disk_Application.exe: 00003918: 11:33:45 [TUniServerModule]:Start Path = C:\Users\CPUT\Documents\Embarcadero\Studio\Projects\Disk_Application\Win32\Debug\
Disk_Application.exe: 00003918: 11:33:45 [TUniGUISessionManager]:Cache erase job created, Folder count: [1]
Disk_Application.exe: 00003918: 11:33:45 [TUniServerModule]:Starting HTTP Server on Port: 8077...
Disk_Application.exe: 00003918: 11:33:45 [TUniServerModule]:HTTP Server Started on Port: 8077
Disk_Application.exe: 00000F30: 11:34:10 [127.0.0.1]:Exception at $011D1545
Disk_Application.exe: 00003918: 11:36:06 [TUniServerModule]:Shutting Down Server.
Disk_Application.exe: 00003918: 11:36:06 [TUniServerModule]:Stopping HTTP Server.
Disk_Application.exe: 00003918: 11:36:07 [TUniServerModule]:HTTP Server Stopped.
Disk_Application.exe: 00003918: 11:36:07 [TUniGUISessionManager]:Terminating Session manager.
Disk_Application.exe: 00003918: 11:36:07 [TUniGUISessionManager]:Stopping Cache Eraser...
Disk_Application.exe: 00003918: 11:36:07 [TUniGUISessionManager]:Cache Eraser Stopped.
Disk_Application.exe: 00003918: 11:36:07 [TUniGUISessionManager]:Destroying Worker Threads.
Disk_Application.exe: 00003918: 11:36:07 [TUniGUISessionManager]:Session manager terminated.
Disk_Application.exe: 00003918: 11:36:07 [TUniWebSocketStack]:Terminating...
Disk_Application.exe: 00003918: 11:36:07 [TUniGUIMessageQ]:Terminated.
Disk_Application.exe: 00003918: 11:36:08 [TUniWebSocketStack]:Terminated.
Disk_Application.exe: 00003918: 11:36:08 [TUniServerModule]:Server Shutdown Completed.
Disk_Application.exe: 00003918: 11:36:08 []:<-------------------------------------------------------------->
Disk_Application.exe: 00003918: 11:36:08 [Terminated]:Exit Code: 0
Disk_Application.exe: 00003B2C: 11:36:14 []:>--------------------------------------------------------------<
Disk_Application.exe: 00003B2C: 11:36:14 [TUniServerModule]:Server First Init.
Disk_Application.exe: 00003B2C: 11:36:14 [TUniServerModule]:Start Path = C:\Users\CPUT\Documents\Embarcadero\Studio\Projects\Disk_Application\Win32\Debug\
Disk_Application.exe: 00003B2C: 11:36:14 [TUniGUISessionManager]:Cache erase job created, Folder count: [1]
Disk_Application.exe: 00003B2C: 11:36:14 [TUniServerModule]:Starting HTTP Server on Port: 8077...
Disk_Application.exe: 00003B2C: 11:36:14 [TUniServerModule]:HTTP Server Started on Port: 8077
Disk_Application.exe: 00003120: 11:36:19 []:>--------------------------------------------------------------<
Disk_Application.exe: 00003120: 11:36:19 [TUniServerModule]:Server First Init.
Disk_Application.exe: 00003120: 11:36:19 [TUniServerModule]:Start Path = C:\Users\CPUT\Documents\Embarcadero\Studio\Projects\Disk_Application\Win32\Debug\
Disk_Application.exe: 00003120: 11:36:19 [TUniServerModule]:Starting HTTP Server on Port: 8077...
Disk_Application.exe: 00003120: 11:36:20 [InitWebServer]:EIdCouldNotBindSocket : Could not bind socket. : Addr: $00F4DC67
Disk_Application.exe: 00003B2C: 11:36:29 [TUniServerModule]:Shutting Down Server.
Disk_Application.exe: 00003B2C: 11:36:29 [TUniServerModule]:Stopping HTTP Server.
Disk_Application.exe: 00003B2C: 11:36:29 [TUniServerModule]:HTTP Server Stopped.
Disk_Application.exe: 00003B2C: 11:36:29 [TUniGUISessionManager]:Terminating Session manager.
Disk_Application.exe: 00003B2C: 11:36:29 [TUniGUISessionManager]:Stopping Cache Eraser...
Disk_Application.exe: 00003B2C: 11:36:30 [TUniGUISessionManager]:Cache Eraser Stopped.
Disk_Application.exe: 00003B2C: 11:36:30 [TUniGUISessionManager]:Destroying Worker Threads.
Disk_Application.exe: 00003B2C: 11:36:30 [TUniGUISessionManager]:Session manager terminated.
Disk_Application.exe: 00003B2C: 11:36:30 [TUniWebSocketStack]:Terminating...
Disk_Application.exe: 00003B2C: 11:36:30 [TUniGUIMessageQ]:Terminated.
Disk_Application.exe: 00003B2C: 11:36:30 [TUniWebSocketStack]:Terminated.
Disk_Application.exe: 00003B2C: 11:36:30 [TUniServerModule]:Server Shutdown Completed.
Disk_Application.exe: 00003B2C: 11:36:30 []:<-------------------------------------------------------------->
Disk_Application.exe: 00003B2C: 11:36:30 [Terminated]:Exit Code: 0
Disk_Application.exe: 00003120: 11:36:31 [TUniServerModule]:Shutting Down Server.
Disk_Application.exe: 00003120: 11:36:31 [TUniServerModule]:Stopping HTTP Server.
Disk_Application.exe: 00003120: 11:36:32 [TUniServerModule]:HTTP Server Stopped.
Disk_Application.exe: 00003120: 11:36:32 [TUniGUISessionManager]:Terminating Session manager.
Disk_Application.exe: 00003120: 11:36:32 [TUniGUISessionManager]:Stopping Cache Eraser...
Disk_Application.exe: 00003120: 11:36:32 [TUniGUISessionManager]:Cache Eraser Stopped.
Disk_Application.exe: 00003120: 11:36:32 [TUniGUISessionManager]:Destroying Worker Threads.
Disk_Application.exe: 00003120: 11:36:32 [TUniGUISessionManager]:Session manager terminated.
Disk_Application.exe: 00003120: 11:36:32 [TUniWebSocketStack]:Terminating...
Disk_Application.exe: 00003120: 11:36:32 [TUniGUIMessageQ]:Terminated.
Disk_Application.exe: 00003120: 11:36:32 [TUniWebSocketStack]:Terminated.
Disk_Application.exe: 00003120: 11:36:32 [TUniServerModule]:Server Shutdown Completed.
Disk_Application.exe: 00003120: 11:36:32 []:<-------------------------------------------------------------->
Disk_Application.exe: 00003120: 11:36:32 [Terminated]:Exit Code: 0
Disk_Application.exe: 00001844: 11:36:35 []:>--------------------------------------------------------------<
Disk_Application.exe: 00001844: 11:36:35 [TUniServerModule]:Server First Init.
Disk_Application.exe: 00001844: 11:36:35 [TUniServerModule]:Start Path = C:\Users\CPUT\Documents\Embarcadero\Studio\Projects\Disk_Application\Win32\Debug\
Disk_Application.exe: 00001844: 11:36:35 [TUniServerModule]:Starting HTTP Server on Port: 8077...
Disk_Application.exe: 00001844: 11:36:35 [TUniServerModule]:HTTP Server Started on Port: 8077
Disk_Application.exe: 00001844: 11:38:27 [TUniServerModule]:Shutting Down Server.
Disk_Application.exe: 00001844: 11:38:27 [TUniServerModule]:Stopping HTTP Server.
Disk_Application.exe: 00001844: 11:38:27 [TUniServerModule]:HTTP Server Stopped.
Disk_Application.exe: 00001844: 11:38:27 [TUniGUISessionManager]:Terminating Session manager.
Disk_Application.exe: 00001844: 11:38:27 [TUniGUISessionManager]:Stopping Cache Eraser...
Disk_Application.exe: 00001844: 11:38:28 [TUniGUISessionManager]:Cache Eraser Stopped.
Disk_Application.exe: 00001844: 11:38:28 [TUniGUISessionManager]:Destroying Worker Threads.
Disk_Application.exe: 00001844: 11:38:28 [TUniGUISessionManager]:Session manager terminated.
Disk_Application.exe: 00001844: 11:38:28 [TUniWebSocketStack]:Terminating...
Disk_Application.exe: 00001844: 11:38:28 [TUniGUIMessageQ]:Terminated.
Disk_Application.exe: 00001844: 11:38:28 [TUniWebSocketStack]:Terminated.
Disk_Application.exe: 00001844: 11:38:28 [TUniServerModule]:Server Shutdown Completed.
Disk_Application.exe: 00001844: 11:38:28 []:<-------------------------------------------------------------->
Disk_Application.exe: 00001844: 11:38:28 [Terminated]:Exit Code: 0
Disk_Application.exe: 000006A4: 11:38:31 []:>--------------------------------------------------------------<
Disk_Application.exe: 000006A4: 11:38:31 [TUniServerModule]:Server First Init.
Disk_Application.exe: 000006A4: 11:38:31 [TUniServerModule]:Start Path = C:\Users\CPUT\Documents\Embarcadero\Studio\Projects\Disk_Application\Win32\Debug\
Disk_Application.exe: 000006A4: 11:38:31 [TUniServerModule]:Starting HTTP Server on Port: 8077...
Disk_Application.exe: 000006A4: 11:38:31 [TUniServerModule]:HTTP Server Started on Port: 8077
Disk_Application.exe: 00003398: 11:39:10 []:>--------------------------------------------------------------<
Disk_Application.exe: 00003398: 11:39:10 [TUniServerModule]:Server First Init.
Disk_Application.exe: 00003398: 11:39:10 [TUniServerModule]:Start Path = C:\Users\CPUT\Documents\Embarcadero\Studio\Projects\Disk_Application\Win32\Debug\
Disk_Application.exe: 00003398: 11:39:11 [TUniServerModule]:Starting HTTP Server on Port: 8077...
Disk_Application.exe: 00003398: 11:39:11 [InitWebServer]:EIdCouldNotBindSocket : Could not bind socket. : Addr: $00F4DC67
Disk_Application.exe: 0000393C: 11:39:18 [127.0.0.1]:EUniSessionException : Invalid session or session Timeout. (Session not found: c8OWeuGs8510EA3445D ) : Addr: $010A30DD
Disk_Application.exe: 0000393C: 11:39:25 [127.0.0.1]:Exception at $011D1545
Disk_Application.exe: 000006A4: 11:40:30 [TUniServerModule]:Shutting Down Server.
Disk_Application.exe: 000006A4: 11:40:30 [TUniServerModule]:Stopping HTTP Server.
Disk_Application.exe: 000006A4: 11:40:31 [TUniServerModule]:HTTP Server Stopped.
Disk_Application.exe: 000006A4: 11:40:31 [TUniGUISessionManager]:Terminating Session manager.
Disk_Application.exe: 000006A4: 11:40:31 [TUniGUISessionManager]:Stopping Cache Eraser...
Disk_Application.exe: 000006A4: 11:40:31 [TUniGUISessionManager]:Cache Eraser Stopped.
Disk_Application.exe: 000006A4: 11:40:31 [TUniGUISessionManager]:Destroying Worker Threads.
Disk_Application.exe: 000006A4: 11:40:31 [TUniGUISessionManager]:Session manager terminated.
Disk_Application.exe: 000006A4: 11:40:31 [TUniWebSocketStack]:Terminating...
Disk_Application.exe: 000006A4: 11:40:31 [TUniGUIMessageQ]:Terminated.
Disk_Application.exe: 000006A4: 11:40:31 [TUniWebSocketStack]:Terminated.
Disk_Application.exe: 000006A4: 11:40:31 [TUniServerModule]:Server Shutdown Completed.
Disk_Application.exe: 000006A4: 11:40:31 []:<-------------------------------------------------------------->
Disk_Application.exe: 000006A4: 11:40:31 [Terminated]:Exit Code: 0
Disk_Application.exe: 00003398: 11:40:32 [TUniServerModule]:Shutting Down Server.
Disk_Application.exe: 00003398: 11:40:32 [TUniServerModule]:Stopping HTTP Server.
Disk_Application.exe: 00003398: 11:40:32 [TUniServerModule]:HTTP Server Stopped.
Disk_Application.exe: 00003398: 11:40:32 [TUniGUISessionManager]:Terminating Session manager.
Disk_Application.exe: 00003398: 11:40:32 [TUniGUISessionManager]:Stopping Cache Eraser...
Disk_Application.exe: 00003398: 11:40:32 [TUniGUISessionManager]:Cache Eraser Stopped.
Disk_Application.exe: 00003398: 11:40:32 [TUniGUISessionManager]:Destroying Worker Threads.
Disk_Application.exe: 00003398: 11:40:32 [TUniGUISessionManager]:Session manager terminated.
Disk_Application.exe: 00003398: 11:40:32 [TUniWebSocketStack]:Terminating...
Disk_Application.exe: 00003398: 11:40:32 [TUniGUIMessageQ]:Terminated.
Disk_Application.exe: 00003398: 11:40:32 [TUniWebSocketStack]:Terminated.
Disk_Application.exe: 00003398: 11:40:32 [TUniServerModule]:Server Shutdown Completed.
Disk_Application.exe: 00003398: 11:40:32 []:<-------------------------------------------------------------->
Disk_Application.exe: 00003398: 11:40:32 [Terminated]:Exit Code: 0
Disk_Application.exe: 00001138: 12:02:03 []:>--------------------------------------------------------------<
Disk_Application.exe: 00001138: 12:02:03 [TUniServerModule]:Server First Init.
Disk_Application.exe: 00001138: 12:02:03 [TUniServerModule]:Start Path = C:\Users\CPUT\Documents\Embarcadero\Studio\Projects\Disk_Application\Win32\Debug\
Disk_Application.exe: 00001138: 12:02:03 [TUniGUISessionManager]:Cache erase job created, Folder count: [1]
Disk_Application.exe: 00001138: 12:02:03 [TUniServerModule]:Starting HTTP Server on Port: 8077...
Disk_Application.exe: 00001138: 12:02:03 [TUniServerModule]:HTTP Server Started on Port: 8077
Disk_Application.exe: 000020D4: 12:02:37 [127.0.0.1]:Exception at $00901459
Disk_Application.exe: 00001B00: 12:06:37 []:>--------------------------------------------------------------<
Disk_Application.exe: 00001B00: 12:06:37 [TUniServerModule]:Server First Init.
Disk_Application.exe: 00001B00: 12:06:37 [TUniServerModule]:Start Path = C:\Users\CPUT\Documents\Embarcadero\Studio\Projects\Disk_Application\Win32\Debug\
Disk_Application.exe: 00001B00: 12:06:37 [TUniGUISessionManager]:Cache erase job created, Folder count: [1]
Disk_Application.exe: 00001B00: 12:06:37 [TUniServerModule]:Starting HTTP Server on Port: 8077...
Disk_Application.exe: 00001B00: 12:06:37 [TUniServerModule]:HTTP Server Started on Port: 8077
Disk_Application.exe: 00001B00: 12:07:18 [TUniServerModule]:Shutting Down Server.
Disk_Application.exe: 00001B00: 12:07:18 [TUniServerModule]:Stopping HTTP Server.
Disk_Application.exe: 00001B00: 12:07:19 [TUniServerModule]:HTTP Server Stopped.
Disk_Application.exe: 00001B00: 12:07:19 [TUniGUISessionManager]:Terminating Session manager.
Disk_Application.exe: 00001B00: 12:07:19 [TUniGUISessionManager]:Stopping Cache Eraser...
Disk_Application.exe: 00001B00: 12:07:19 [TUniGUISessionManager]:Cache Eraser Stopped.
Disk_Application.exe: 00001B00: 12:07:19 [TUniGUISessionManager]:Destroying Worker Threads.
Disk_Application.exe: 00001B00: 12:07:19 [TUniGUISessionManager]:Session manager terminated.
Disk_Application.exe: 00001B00: 12:07:19 [TUniWebSocketStack]:Terminating...
Disk_Application.exe: 00001B00: 12:07:19 [TUniGUIMessageQ]:Terminated.
Disk_Application.exe: 00001B00: 12:07:19 [TUniWebSocketStack]:Terminated.
Disk_Application.exe: 00001B00: 12:07:19 [TUniServerModule]:Server Shutdown Completed.
Disk_Application.exe: 00001B00: 12:07:19 []:<-------------------------------------------------------------->
Disk_Application.exe: 00001B00: 12:07:19 [Terminated]:Exit Code: 0
Disk_Application.exe: 000018D4: 12:41:04 []:>--------------------------------------------------------------<
Disk_Application.exe: 000018D4: 12:41:04 [TUniServerModule]:Server First Init.
Disk_Application.exe: 000018D4: 12:41:04 [TUniServerModule]:Start Path = C:\Users\CPUT\Documents\Embarcadero\Studio\Projects\Disk_Application\Win32\Debug\
Disk_Application.exe: 000018D4: 12:41:04 [TUniGUISessionManager]:Cache erase job created, Folder count: [1]
Disk_Application.exe: 000018D4: 12:41:04 [TUniServerModule]:Starting HTTP Server on Port: 8077...
Disk_Application.exe: 000018D4: 12:41:04 [TUniServerModule]:HTTP Server Started on Port: 8077
Disk_Application.exe: 0000148C: 12:41:13 [127.0.0.1]:Exception at $01281459
Disk_Application.exe: 000031D4: 12:53:27 []:>--------------------------------------------------------------<
Disk_Application.exe: 000031D4: 12:53:27 [TUniServerModule]:Server First Init.
Disk_Application.exe: 000031D4: 12:53:28 [TUniServerModule]:Start Path = C:\Users\CPUT\Documents\Embarcadero\Studio\Projects\Disk_Application\Win32\Debug\
Disk_Application.exe: 000031D4: 12:53:28 [TUniGUISessionManager]:Cache erase job created, Folder count: [1]
Disk_Application.exe: 000031D4: 12:53:28 [TUniServerModule]:Starting HTTP Server on Port: 8077...
Disk_Application.exe: 000031D4: 12:53:28 [InitWebServer]:EIdCouldNotBindSocket : Could not bind socket. : Addr: $00FFDC67
Disk_Application.exe: 000033CC: 14:29:59 []:>--------------------------------------------------------------<
Disk_Application.exe: 000033CC: 14:29:59 [TUniServerModule]:Server First Init.
Disk_Application.exe: 000033CC: 14:29:59 [TUniServerModule]:Start Path = C:\Users\mxove\Downloads\Compressed\disk_application-master\disk_application-master\Documents\Embarcadero\Studio\Projects\Disk_Application\Win32\Debug\
Disk_Application.exe: 000033CC: 14:29:59 [TUniServerModule]:Starting HTTP Server on Port: 8077...
Disk_Application.exe: 000033CC: 14:29:59 [TUniServerModule]:HTTP Server Started on Port: 8077
Disk_Application.exe: 000033CC: 14:40:06 [TUniServerModule]:Shutting Down Server.
Disk_Application.exe: 000033CC: 14:40:06 [TUniServerModule]:Stopping HTTP Server.
Disk_Application.exe: 000033CC: 14:40:06 [TUniServerModule]:HTTP Server Stopped.
Disk_Application.exe: 000033CC: 14:40:06 [TUniGUISessionManager]:Terminating Session manager.
Disk_Application.exe: 000033CC: 14:40:06 [TUniGUISessionManager]:Stopping Cache Eraser...
Disk_Application.exe: 000033CC: 14:40:06 [TUniGUISessionManager]:Cache Eraser Stopped.
Disk_Application.exe: 000033CC: 14:40:06 [TUniGUISessionManager]:Destroying Worker Threads.
Disk_Application.exe: 000033CC: 14:40:06 [TUniGUISessionManager]:Session manager terminated.
Disk_Application.exe: 000033CC: 14:40:06 [TUniWebSocketStack]:Terminating...
Disk_Application.exe: 000033CC: 14:40:06 [TUniGUIMessageQ]:Terminated.
Disk_Application.exe: 000033CC: 14:40:06 [TUniWebSocketStack]:Terminated.
Disk_Application.exe: 000033CC: 14:40:06 [TUniServerModule]:Server Shutdown Completed.
Disk_Application.exe: 000033CC: 14:40:06 []:<-------------------------------------------------------------->
Disk_Application.exe: 000033CC: 14:40:06 [Terminated]:Exit Code: 0
Disk_Application.exe: 000064F8: 14:40:12 []:>--------------------------------------------------------------<
Disk_Application.exe: 000064F8: 14:40:12 [TUniServerModule]:Server First Init.
Disk_Application.exe: 000064F8: 14:40:12 [TUniServerModule]:Start Path = C:\Users\mxove\Downloads\Compressed\disk_application-master\disk_application-master\Documents\Embarcadero\Studio\Projects\Disk_Application\Win32\Debug\
Disk_Application.exe: 000064F8: 14:40:12 [TUniServerModule]:Starting HTTP Server on Port: 8077...
Disk_Application.exe: 000064F8: 14:40:12 [TUniServerModule]:HTTP Server Started on Port: 8077
Disk_Application.exe: 00003760: 14:40:15 [127.0.0.1]:EUniSessionException : Invalid session or session Timeout. (Session not found: 913snlebRS10EA37438 ) : Addr: $00DB367D
Disk_Application.exe: 000015D8: 14:40:25 [127.0.0.1]:EMyError : #42S02Table 'disk_application.staff_log' doesn't exist : Addr: $00F141F2
Disk_Application.exe: 000064F8: 14:41:07 [TUniServerModule]:Shutting Down Server.
Disk_Application.exe: 000064F8: 14:41:07 [TUniServerModule]:Stopping HTTP Server.
Disk_Application.exe: 000064F8: 14:41:08 [TUniServerModule]:HTTP Server Stopped.
Disk_Application.exe: 000064F8: 14:41:08 [TUniGUISessionManager]:Terminating Session manager.
Disk_Application.exe: 000064F8: 14:41:08 [TUniGUISessionManager]:Stopping Cache Eraser...
Disk_Application.exe: 000064F8: 14:41:08 [TUniGUISessionManager]:Cache Eraser Stopped.
Disk_Application.exe: 000064F8: 14:41:08 [TUniGUISessionManager]:Destroying Worker Threads.
Disk_Application.exe: 000064F8: 14:41:08 [TUniGUISessionManager]:Session manager terminated.
Disk_Application.exe: 000064F8: 14:41:08 [TUniWebSocketStack]:Terminating...
Disk_Application.exe: 000064F8: 14:41:08 [TUniGUIMessageQ]:Terminated.
Disk_Application.exe: 000064F8: 14:41:08 [TUniWebSocketStack]:Terminated.
Disk_Application.exe: 000064F8: 14:41:08 [TUniServerModule]:Server Shutdown Completed.
Disk_Application.exe: 000064F8: 14:41:08 []:<-------------------------------------------------------------->
Disk_Application.exe: 000064F8: 14:41:08 [Terminated]:Exit Code: 0
Disk_Application.exe: 00003650: 14:41:13 []:>--------------------------------------------------------------<
Disk_Application.exe: 00003650: 14:41:13 [TUniServerModule]:Server First Init.
Disk_Application.exe: 00003650: 14:41:13 [TUniServerModule]:Start Path = C:\Users\mxove\Downloads\Compressed\disk_application-master\disk_application-master\Documents\Embarcadero\Studio\Projects\Disk_Application\Win32\Debug\
Disk_Application.exe: 00003650: 14:41:13 [TUniGUISessionManager]:Cache erase job created, Folder count: [1]
Disk_Application.exe: 00003650: 14:41:13 [TUniServerModule]:Starting HTTP Server on Port: 8077...
Disk_Application.exe: 00003650: 14:41:13 [TUniServerModule]:HTTP Server Started on Port: 8077
Disk_Application.exe: 000045AC: 14:41:19 [127.0.0.1]:EUniSessionException : Invalid session or session Timeout. (Session not found: 1FVnRjKeZf10EA376E9 ) : Addr: $00C2367D
Disk_Application.exe: 00003650: 14:43:51 [TUniServerModule]:Shutting Down Server.
Disk_Application.exe: 00003650: 14:43:51 [TUniServerModule]:Stopping HTTP Server.
Disk_Application.exe: 00003650: 14:43:52 [TUniServerModule]:HTTP Server Stopped.
Disk_Application.exe: 00003650: 14:43:52 [TUniGUISessionManager]:Terminating Session manager.
Disk_Application.exe: 00003650: 14:43:52 [TUniGUISessionManager]:Stopping Cache Eraser...
Disk_Application.exe: 00003650: 14:43:52 [TUniGUISessionManager]:Cache Eraser Stopped.
Disk_Application.exe: 00003650: 14:43:52 [TUniGUISessionManager]:Destroying Worker Threads.
Disk_Application.exe: 00003650: 14:43:52 [TUniGUISessionManager]:Session manager terminated.
Disk_Application.exe: 00003650: 14:43:52 [TUniWebSocketStack]:Terminating...
Disk_Application.exe: 00003650: 14:43:52 [TUniGUIMessageQ]:Terminated.
Disk_Application.exe: 00003650: 14:43:52 [TUniWebSocketStack]:Terminated.
Disk_Application.exe: 00003650: 14:43:52 [TUniServerModule]:Server Shutdown Completed.
Disk_Application.exe: 00003650: 14:43:52 []:<-------------------------------------------------------------->
Disk_Application.exe: 00003650: 14:43:52 [Terminated]:Exit Code: 0
Disk_Application.exe: 0000624C: 14:43:56 []:>--------------------------------------------------------------<
Disk_Application.exe: 0000624C: 14:43:56 [TUniServerModule]:Server First Init.
Disk_Application.exe: 0000624C: 14:43:56 [TUniServerModule]:Start Path = C:\Users\mxove\Downloads\Compressed\disk_application-master\disk_application-master\Documents\Embarcadero\Studio\Projects\Disk_Application\Win32\Debug\
Disk_Application.exe: 0000624C: 14:43:56 [TUniGUISessionManager]:Cache erase job created, Folder count: [1]
Disk_Application.exe: 0000624C: 14:43:56 [TUniServerModule]:Starting HTTP Server on Port: 8077...
Disk_Application.exe: 0000624C: 14:43:56 [TUniServerModule]:HTTP Server Started on Port: 8077
Disk_Application.exe: 00005288: 14:43:59 [127.0.0.1]:EUniSessionException : Invalid session or session Timeout. (Session not found: fS7eeUiMrU10EA377DD ) : Addr: $00C2367D
Disk_Application.exe: 00002AA8: 15:00:51 [127.0.0.1]:EUniSessionException : Invalid session or session Timeout. (Session not found: Mx9hz3l6pg10EA377ED ) : Addr: $00C2367D
