Disk_Application.exe: 000055D0: 09:33:39 []:>--------------------------------------------------------------<
Disk_Application.exe: 000055D0: 09:33:39 [TUniServerModule]:Server First Init.
Disk_Application.exe: 000055D0: 09:33:39 [TUniServerModule]:Start Path = C:\Users\mxove\Downloads\Compressed\disk_application-master\disk_application-master\Documents\Embarcadero\Studio\Projects\Disk_Application\Win32\Debug\
Disk_Application.exe: 000055D0: 09:33:39 [TUniServerModule]:Starting HTTP Server on Port: 8077...
Disk_Application.exe: 000055D0: 09:33:39 [TUniServerModule]:HTTP Server Started on Port: 8077
Disk_Application.exe: 000055D0: 09:56:41 [TUniServerModule]:Shutting Down Server.
Disk_Application.exe: 000055D0: 09:56:41 [TUniServerModule]:Stopping HTTP Server.
Disk_Application.exe: 000055D0: 09:56:41 [TUniServerModule]:HTTP Server Stopped.
Disk_Application.exe: 000055D0: 09:56:41 [TUniGUISessionManager]:Terminating Session manager.
Disk_Application.exe: 000055D0: 09:56:41 [TUniGUISessionManager]:Stopping Cache Eraser...
Disk_Application.exe: 000055D0: 09:56:41 [TUniGUISessionManager]:Cache Eraser Stopped.
Disk_Application.exe: 000055D0: 09:56:41 [TUniGUISessionManager]:Destroying Worker Threads.
Disk_Application.exe: 000055D0: 09:56:41 [TUniGUISessionManager]:Session manager terminated.
Disk_Application.exe: 000055D0: 09:56:41 [TUniWebSocketStack]:Terminating...
Disk_Application.exe: 000055D0: 09:56:41 [TUniGUIMessageQ]:Terminated.
Disk_Application.exe: 000055D0: 09:56:41 [TUniWebSocketStack]:Terminated.
Disk_Application.exe: 000055D0: 09:56:41 [TUniServerModule]:Server Shutdown Completed.
Disk_Application.exe: 000055D0: 09:56:41 []:<-------------------------------------------------------------->
Disk_Application.exe: 000055D0: 09:56:41 [Terminated]:Exit Code: 0
Disk_Application.exe: 00004454: 10:00:19 []:>--------------------------------------------------------------<
Disk_Application.exe: 00004454: 10:00:19 [TUniServerModule]:Server First Init.
Disk_Application.exe: 00004454: 10:00:19 [TUniServerModule]:Start Path = C:\Users\mxove\Downloads\Compressed\disk_application-master\disk_application-master\Documents\Embarcadero\Studio\Projects\Disk_Application\Win32\Debug\
Disk_Application.exe: 00004454: 10:00:19 [TUniServerModule]:Starting HTTP Server on Port: 8077...
Disk_Application.exe: 00004454: 10:00:19 [TUniServerModule]:HTTP Server Started on Port: 8077
Disk_Application.exe: 00004454: 10:01:53 [TUniServerModule]:Shutting Down Server.
Disk_Application.exe: 00004454: 10:01:53 [TUniServerModule]:Stopping HTTP Server.
Disk_Application.exe: 00004454: 10:01:54 [TUniServerModule]:HTTP Server Stopped.
Disk_Application.exe: 00004454: 10:01:54 [TUniGUISessionManager]:Terminating Session manager.
Disk_Application.exe: 00004454: 10:01:54 [TUniGUISessionManager]:Stopping Cache Eraser...
Disk_Application.exe: 00004454: 10:01:54 [TUniGUISessionManager]:Cache Eraser Stopped.
Disk_Application.exe: 00004454: 10:01:54 [TUniGUISessionManager]:Destroying Worker Threads.
Disk_Application.exe: 00004454: 10:01:54 [TUniGUISessionManager]:Session manager terminated.
Disk_Application.exe: 00004454: 10:01:54 [TUniWebSocketStack]:Terminating...
Disk_Application.exe: 00004454: 10:01:54 [TUniGUIMessageQ]:Terminated.
Disk_Application.exe: 00004454: 10:01:54 [TUniWebSocketStack]:Terminated.
Disk_Application.exe: 00004454: 10:01:54 [TUniServerModule]:Server Shutdown Completed.
Disk_Application.exe: 00004454: 10:01:54 []:<-------------------------------------------------------------->
Disk_Application.exe: 00004454: 10:01:54 [Terminated]:Exit Code: 0
Disk_Application.exe: 000053E0: 10:03:22 []:>--------------------------------------------------------------<
Disk_Application.exe: 000053E0: 10:03:22 [TUniServerModule]:Server First Init.
Disk_Application.exe: 000053E0: 10:03:22 [TUniServerModule]:Start Path = C:\Users\mxove\Downloads\Compressed\disk_application-master\disk_application-master\Documents\Embarcadero\Studio\Projects\Disk_Application\Win32\Debug\
Disk_Application.exe: 000053E0: 10:03:22 [TUniServerModule]:Starting HTTP Server on Port: 8077...
Disk_Application.exe: 000053E0: 10:03:22 [TUniServerModule]:HTTP Server Started on Port: 8077
Disk_Application.exe: 000053E0: 10:03:47 [TUniServerModule]:Shutting Down Server.
Disk_Application.exe: 000053E0: 10:03:47 [TUniServerModule]:Stopping HTTP Server.
Disk_Application.exe: 000053E0: 10:03:48 [TUniServerModule]:HTTP Server Stopped.
Disk_Application.exe: 000053E0: 10:03:48 [TUniGUISessionManager]:Terminating Session manager.
Disk_Application.exe: 000053E0: 10:03:48 [TUniGUISessionManager]:Stopping Cache Eraser...
Disk_Application.exe: 000053E0: 10:03:48 [TUniGUISessionManager]:Cache Eraser Stopped.
Disk_Application.exe: 000053E0: 10:03:48 [TUniGUISessionManager]:Destroying Worker Threads.
Disk_Application.exe: 000053E0: 10:03:48 [TUniGUISessionManager]:Session manager terminated.
Disk_Application.exe: 000053E0: 10:03:48 [TUniWebSocketStack]:Terminating...
Disk_Application.exe: 000053E0: 10:03:48 [TUniGUIMessageQ]:Terminated.
Disk_Application.exe: 000053E0: 10:03:48 [TUniWebSocketStack]:Terminated.
Disk_Application.exe: 000053E0: 10:03:48 [TUniServerModule]:Server Shutdown Completed.
Disk_Application.exe: 000053E0: 10:03:48 []:<-------------------------------------------------------------->
Disk_Application.exe: 000053E0: 10:03:48 [Terminated]:Exit Code: 0
Disk_Application.exe: 00005BB0: 10:04:22 []:>--------------------------------------------------------------<
Disk_Application.exe: 00005BB0: 10:04:22 [TUniServerModule]:Server First Init.
Disk_Application.exe: 00005BB0: 10:04:22 [TUniServerModule]:Start Path = C:\Users\mxove\Downloads\Compressed\disk_application-master\disk_application-master\Documents\Embarcadero\Studio\Projects\Disk_Application\Win32\Debug\
Disk_Application.exe: 00005BB0: 10:04:22 [TUniServerModule]:Starting HTTP Server on Port: 8077...
Disk_Application.exe: 00005BB0: 10:04:22 [TUniServerModule]:HTTP Server Started on Port: 8077
Disk_Application.exe: 000059B0: 10:04:26 []:>--------------------------------------------------------------<
Disk_Application.exe: 000059B0: 10:04:26 [TUniServerModule]:Server First Init.
Disk_Application.exe: 000059B0: 10:04:26 [TUniServerModule]:Start Path = C:\Users\mxove\Downloads\Compressed\disk_application-master\disk_application-master\Documents\Embarcadero\Studio\Projects\Disk_Application\Win32\Debug\
Disk_Application.exe: 000059B0: 10:04:26 [TUniServerModule]:Starting HTTP Server on Port: 8077...
Disk_Application.exe: 000059B0: 10:04:26 [InitWebServer]:EIdCouldNotBindSocket : Could not bind socket. : Addr: $0078E1C7
Disk_Application.exe: 00005BB0: 10:04:35 [TUniServerModule]:Shutting Down Server.
Disk_Application.exe: 00005BB0: 10:04:35 [TUniServerModule]:Stopping HTTP Server.
Disk_Application.exe: 00005BB0: 10:04:35 [TUniServerModule]:HTTP Server Stopped.
Disk_Application.exe: 00005BB0: 10:04:35 [TUniGUISessionManager]:Terminating Session manager.
Disk_Application.exe: 00005BB0: 10:04:35 [TUniGUISessionManager]:Stopping Cache Eraser...
Disk_Application.exe: 00005BB0: 10:04:35 [TUniGUISessionManager]:Cache Eraser Stopped.
Disk_Application.exe: 00005BB0: 10:04:35 [TUniGUISessionManager]:Destroying Worker Threads.
Disk_Application.exe: 00005BB0: 10:04:35 [TUniGUISessionManager]:Session manager terminated.
Disk_Application.exe: 00005BB0: 10:04:35 [TUniWebSocketStack]:Terminating...
Disk_Application.exe: 00005BB0: 10:04:35 [TUniGUIMessageQ]:Terminated.
Disk_Application.exe: 00005BB0: 10:04:35 [TUniWebSocketStack]:Terminated.
Disk_Application.exe: 00005BB0: 10:04:36 [TUniServerModule]:Server Shutdown Completed.
Disk_Application.exe: 00005BB0: 10:04:36 []:<-------------------------------------------------------------->
Disk_Application.exe: 00005BB0: 10:04:36 [Terminated]:Exit Code: 0
Disk_Application.exe: 000059B0: 10:04:38 [TUniServerModule]:Shutting Down Server.
Disk_Application.exe: 000059B0: 10:04:38 [TUniServerModule]:Stopping HTTP Server.
Disk_Application.exe: 000059B0: 10:04:38 [TUniServerModule]:HTTP Server Stopped.
Disk_Application.exe: 000059B0: 10:04:38 [TUniGUISessionManager]:Terminating Session manager.
Disk_Application.exe: 000059B0: 10:04:38 [TUniGUISessionManager]:Stopping Cache Eraser...
Disk_Application.exe: 000059B0: 10:04:38 [TUniGUISessionManager]:Cache Eraser Stopped.
Disk_Application.exe: 000059B0: 10:04:39 [TUniGUISessionManager]:Destroying Worker Threads.
Disk_Application.exe: 000059B0: 10:04:39 [TUniGUISessionManager]:Session manager terminated.
Disk_Application.exe: 000059B0: 10:04:39 [TUniWebSocketStack]:Terminating...
Disk_Application.exe: 000059B0: 10:04:39 [TUniGUIMessageQ]:Terminated.
Disk_Application.exe: 000059B0: 10:04:39 [TUniWebSocketStack]:Terminated.
Disk_Application.exe: 000059B0: 10:04:39 [TUniServerModule]:Server Shutdown Completed.
Disk_Application.exe: 000059B0: 10:04:39 []:<-------------------------------------------------------------->
Disk_Application.exe: 000059B0: 10:04:39 [Terminated]:Exit Code: 0
Disk_Application.exe: 00005BB0: 10:04:59 []:>--------------------------------------------------------------<
Disk_Application.exe: 00005BB0: 10:04:59 [TUniServerModule]:Server First Init.
Disk_Application.exe: 00005BB0: 10:04:59 [TUniServerModule]:Start Path = C:\Users\mxove\Downloads\Compressed\disk_application-master\disk_application-master\Documents\Embarcadero\Studio\Projects\Disk_Application\Win32\Debug\
Disk_Application.exe: 00005BB0: 10:04:59 [TUniServerModule]:Starting HTTP Server on Port: 8077...
Disk_Application.exe: 00005BB0: 10:04:59 [TUniServerModule]:HTTP Server Started on Port: 8077
Disk_Application.exe: 00001A88: 10:05:00 []:>--------------------------------------------------------------<
Disk_Application.exe: 00001A88: 10:05:00 [TUniServerModule]:Server First Init.
Disk_Application.exe: 00001A88: 10:05:00 [TUniServerModule]:Start Path = C:\Users\mxove\Downloads\Compressed\disk_application-master\disk_application-master\Documents\Embarcadero\Studio\Projects\Disk_Application\Win32\Debug\
Disk_Application.exe: 00001A88: 10:05:00 [TUniServerModule]:Starting HTTP Server on Port: 8077...
Disk_Application.exe: 00001A88: 10:05:00 [InitWebServer]:EIdCouldNotBindSocket : Could not bind socket. : Addr: $0078E1C7
Disk_Application.exe: 00003D74: 10:05:08 [127.0.0.1]:EUniSessionException : Invalid session or session Timeout. (Session not found: PiBT9HKaNa10EADD228 ) : Addr: $008E4335
Disk_Application.exe: 00001A88: 10:13:23 [TUniServerModule]:Shutting Down Server.
Disk_Application.exe: 00001A88: 10:13:23 [TUniServerModule]:Stopping HTTP Server.
Disk_Application.exe: 00001A88: 10:13:23 [TUniServerModule]:HTTP Server Stopped.
Disk_Application.exe: 00001A88: 10:13:23 [TUniGUISessionManager]:Terminating Session manager.
Disk_Application.exe: 00001A88: 10:13:23 [TUniGUISessionManager]:Stopping Cache Eraser...
Disk_Application.exe: 00001A88: 10:13:23 [TUniGUISessionManager]:Cache Eraser Stopped.
Disk_Application.exe: 00001A88: 10:13:23 [TUniGUISessionManager]:Destroying Worker Threads.
Disk_Application.exe: 00001A88: 10:13:23 [TUniGUISessionManager]:Session manager terminated.
Disk_Application.exe: 00001A88: 10:13:23 [TUniWebSocketStack]:Terminating...
Disk_Application.exe: 00001A88: 10:13:23 [TUniGUIMessageQ]:Terminated.
Disk_Application.exe: 00001A88: 10:13:23 [TUniWebSocketStack]:Terminated.
Disk_Application.exe: 00001A88: 10:13:23 [TUniServerModule]:Server Shutdown Completed.
Disk_Application.exe: 00001A88: 10:13:23 []:<-------------------------------------------------------------->
Disk_Application.exe: 00001A88: 10:13:23 [Terminated]:Exit Code: 0
Disk_Application.exe: 00005BB0: 10:13:25 [TUniServerModule]:Shutting Down Server.
Disk_Application.exe: 00005BB0: 10:13:25 [TUniServerModule]:Stopping HTTP Server.
Disk_Application.exe: 00005BB0: 10:13:26 [TUniServerModule]:HTTP Server Stopped.
Disk_Application.exe: 00005BB0: 10:13:26 [TUniGUISessionManager]:Terminating Session manager.
Disk_Application.exe: 00005BB0: 10:13:26 [TUniGUISessionManager]:Stopping Cache Eraser...
Disk_Application.exe: 00005BB0: 10:13:26 [TUniGUISessionManager]:Cache Eraser Stopped.
Disk_Application.exe: 00005BB0: 10:13:26 [TUniGUISessionManager]:Destroying Worker Threads.
Disk_Application.exe: 00005BB0: 10:13:26 [TUniGUISessionManager]:Session manager terminated.
Disk_Application.exe: 00005BB0: 10:13:26 [TUniWebSocketStack]:Terminating...
Disk_Application.exe: 00005BB0: 10:13:26 [TUniGUIMessageQ]:Terminated.
Disk_Application.exe: 00005BB0: 10:13:26 [TUniWebSocketStack]:Terminated.
Disk_Application.exe: 00005BB0: 10:13:26 [TUniServerModule]:Server Shutdown Completed.
Disk_Application.exe: 00005BB0: 10:13:26 []:<-------------------------------------------------------------->
Disk_Application.exe: 00005BB0: 10:13:26 [Terminated]:Exit Code: 0
Disk_Application.exe: 00003248: 10:14:03 []:>--------------------------------------------------------------<
Disk_Application.exe: 00003248: 10:14:03 [TUniServerModule]:Server First Init.
Disk_Application.exe: 00003248: 10:14:03 [TUniServerModule]:Start Path = C:\Users\mxove\Downloads\Compressed\disk_application-master\disk_application-master\Documents\Embarcadero\Studio\Projects\Disk_Application\Win32\Debug\
Disk_Application.exe: 00003248: 10:14:03 [TUniServerModule]:Starting HTTP Server on Port: 8077...
Disk_Application.exe: 00003248: 10:14:03 [TUniServerModule]:HTTP Server Started on Port: 8077
Disk_Application.exe: 00003248: 10:14:24 [TUniServerModule]:Shutting Down Server.
Disk_Application.exe: 00003248: 10:14:24 [TUniServerModule]:Stopping HTTP Server.
Disk_Application.exe: 00003248: 10:14:25 [TUniServerModule]:HTTP Server Stopped.
Disk_Application.exe: 00003248: 10:14:25 [TUniGUISessionManager]:Terminating Session manager.
Disk_Application.exe: 00003248: 10:14:25 [TUniGUISessionManager]:Stopping Cache Eraser...
Disk_Application.exe: 00003248: 10:14:25 [TUniGUISessionManager]:Cache Eraser Stopped.
Disk_Application.exe: 00003248: 10:14:25 [TUniGUISessionManager]:Destroying Worker Threads.
Disk_Application.exe: 00003248: 10:14:25 [TUniGUISessionManager]:Session manager terminated.
Disk_Application.exe: 00003248: 10:14:25 [TUniWebSocketStack]:Terminating...
Disk_Application.exe: 00003248: 10:14:25 [TUniGUIMessageQ]:Terminated.
Disk_Application.exe: 00003248: 10:14:25 [TUniWebSocketStack]:Terminated.
Disk_Application.exe: 00003248: 10:14:25 [TUniServerModule]:Server Shutdown Completed.
Disk_Application.exe: 00003248: 10:14:25 []:<-------------------------------------------------------------->
Disk_Application.exe: 00003248: 10:14:25 [Terminated]:Exit Code: 0
Disk_Application.exe: 0000045C: 10:14:47 []:>--------------------------------------------------------------<
Disk_Application.exe: 0000045C: 10:14:47 [TUniServerModule]:Server First Init.
Disk_Application.exe: 0000045C: 10:14:47 [TUniServerModule]:Start Path = C:\Users\mxove\Downloads\Compressed\disk_application-master\disk_application-master\Documents\Embarcadero\Studio\Projects\Disk_Application\Win32\Debug\
Disk_Application.exe: 0000045C: 10:14:47 [TUniServerModule]:Starting HTTP Server on Port: 8077...
Disk_Application.exe: 0000045C: 10:14:47 [TUniServerModule]:HTTP Server Started on Port: 8077
Disk_Application.exe: 0000398C: 10:14:56 [127.0.0.1]:EUniSessionException : Invalid session or session Timeout. (Session not found: HIV4c5lOs210EADDAA8 ) : Addr: $00EC4335
Disk_Application.exe: 0000045C: 10:16:26 [TUniServerModule]:Shutting Down Server.
Disk_Application.exe: 0000045C: 10:16:26 [TUniServerModule]:Stopping HTTP Server.
Disk_Application.exe: 0000045C: 10:16:27 [TUniServerModule]:HTTP Server Stopped.
Disk_Application.exe: 0000045C: 10:16:27 [TUniGUISessionManager]:Terminating Session manager.
Disk_Application.exe: 0000045C: 10:16:27 [TUniGUISessionManager]:Stopping Cache Eraser...
Disk_Application.exe: 0000045C: 10:16:27 [TUniGUISessionManager]:Cache Eraser Stopped.
Disk_Application.exe: 0000045C: 10:16:27 [TUniGUISessionManager]:Destroying Worker Threads.
Disk_Application.exe: 0000045C: 10:16:27 [TUniGUISessionManager]:Session manager terminated.
Disk_Application.exe: 0000045C: 10:16:27 [TUniWebSocketStack]:Terminating...
Disk_Application.exe: 0000045C: 10:16:27 [TUniGUIMessageQ]:Terminated.
Disk_Application.exe: 0000045C: 10:16:27 [TUniWebSocketStack]:Terminated.
Disk_Application.exe: 0000045C: 10:16:27 [TUniServerModule]:Server Shutdown Completed.
Disk_Application.exe: 0000045C: 10:16:27 []:<-------------------------------------------------------------->
Disk_Application.exe: 0000045C: 10:16:27 [Terminated]:Exit Code: 0
Disk_Application.exe: 00003248: 10:16:47 []:>--------------------------------------------------------------<
Disk_Application.exe: 00003248: 10:16:47 [TUniServerModule]:Server First Init.
Disk_Application.exe: 00003248: 10:16:47 [TUniServerModule]:Start Path = C:\Users\mxove\Downloads\Compressed\disk_application-master\disk_application-master\Documents\Embarcadero\Studio\Projects\Disk_Application\Win32\Debug\
Disk_Application.exe: 00003248: 10:16:47 [TUniGUISessionManager]:Cache erase job created, Folder count: [1]
Disk_Application.exe: 00003248: 10:16:47 [TUniServerModule]:Starting HTTP Server on Port: 8077...
Disk_Application.exe: 00003248: 10:16:47 [TUniServerModule]:HTTP Server Started on Port: 8077
Disk_Application.exe: 000027CC: 10:16:52 [127.0.0.1]:EUniSessionException : Invalid session or session Timeout. (Session not found: 1LSXhF5Deq10EADDD51 ) : Addr: $00FE4335
Disk_Application.exe: 00003248: 10:17:46 [TUniServerModule]:Shutting Down Server.
Disk_Application.exe: 00003248: 10:17:46 [TUniServerModule]:Stopping HTTP Server.
Disk_Application.exe: 00003248: 10:17:47 [TUniServerModule]:HTTP Server Stopped.
Disk_Application.exe: 00003248: 10:17:47 [TUniGUISessionManager]:Terminating Session manager.
Disk_Application.exe: 00003248: 10:17:47 [TUniGUISessionManager]:Stopping Cache Eraser...
Disk_Application.exe: 00003248: 10:17:47 [TUniGUISessionManager]:Cache Eraser Stopped.
Disk_Application.exe: 00003248: 10:17:48 [TUniGUISessionManager]:Destroying Worker Threads.
Disk_Application.exe: 00003248: 10:17:48 [TUniGUISessionManager]:Session manager terminated.
Disk_Application.exe: 00003248: 10:17:48 [TUniWebSocketStack]:Terminating...
Disk_Application.exe: 00003248: 10:17:48 [TUniGUIMessageQ]:Terminated.
Disk_Application.exe: 00003248: 10:17:48 [TUniWebSocketStack]:Terminated.
Disk_Application.exe: 00003248: 10:17:48 [TUniServerModule]:Server Shutdown Completed.
Disk_Application.exe: 00003248: 10:17:48 []:<-------------------------------------------------------------->
Disk_Application.exe: 00003248: 10:17:48 [Terminated]:Exit Code: 0
Disk_Application.exe: 00005624: 10:18:13 []:>--------------------------------------------------------------<
Disk_Application.exe: 00005624: 10:18:13 [TUniServerModule]:Server First Init.
Disk_Application.exe: 00005624: 10:18:13 [TUniServerModule]:Start Path = C:\Users\mxove\Downloads\Compressed\disk_application-master\disk_application-master\Documents\Embarcadero\Studio\Projects\Disk_Application\Win32\Debug\
Disk_Application.exe: 00005624: 10:18:13 [TUniGUISessionManager]:Cache erase job created, Folder count: [1]
Disk_Application.exe: 00005624: 10:18:13 [TUniServerModule]:Starting HTTP Server on Port: 8077...
Disk_Application.exe: 00005624: 10:18:13 [TUniServerModule]:HTTP Server Started on Port: 8077
Disk_Application.exe: 00001F70: 10:18:20 [127.0.0.1]:EUniSessionException : Invalid session or session Timeout. (Session not found: SVailizAqB10EADDDD7 ) : Addr: $010D4335
Disk_Application.exe: 00005624: 10:33:09 [TUniServerModule]:Shutting Down Server.
Disk_Application.exe: 00005624: 10:33:09 [TUniServerModule]:Stopping HTTP Server.
Disk_Application.exe: 00005624: 10:33:10 [TUniServerModule]:HTTP Server Stopped.
Disk_Application.exe: 00005624: 10:33:10 [TUniGUISessionManager]:Terminating Session manager.
Disk_Application.exe: 00005624: 10:33:10 [TUniGUISessionManager]:Stopping Cache Eraser...
Disk_Application.exe: 00005624: 10:33:10 [TUniGUISessionManager]:Cache Eraser Stopped.
Disk_Application.exe: 00005624: 10:33:10 [TUniGUISessionManager]:Destroying Worker Threads.
Disk_Application.exe: 00005624: 10:33:10 [TUniGUISessionManager]:Session manager terminated.
Disk_Application.exe: 00005624: 10:33:10 [TUniWebSocketStack]:Terminating...
Disk_Application.exe: 00005624: 10:33:10 [TUniGUIMessageQ]:Terminated.
Disk_Application.exe: 00005624: 10:33:10 [TUniWebSocketStack]:Terminated.
Disk_Application.exe: 00005624: 10:33:10 [TUniServerModule]:Server Shutdown Completed.
Disk_Application.exe: 00005624: 10:33:10 []:<-------------------------------------------------------------->
Disk_Application.exe: 00005624: 10:33:10 [Terminated]:Exit Code: 0
Disk_Application.exe: 00005818: 10:33:14 []:>--------------------------------------------------------------<
Disk_Application.exe: 00005818: 10:33:14 [TUniServerModule]:Server First Init.
Disk_Application.exe: 00005818: 10:33:14 [TUniServerModule]:Start Path = C:\Users\mxove\Downloads\Compressed\disk_application-master\disk_application-master\Documents\Embarcadero\Studio\Projects\Disk_Application\Win32\Debug\
Disk_Application.exe: 00005818: 10:33:14 [TUniServerModule]:Starting HTTP Server on Port: 8077...
Disk_Application.exe: 00005818: 10:33:14 [TUniServerModule]:HTTP Server Started on Port: 8077
Disk_Application.exe: 00003D20: 10:33:25 [127.0.0.1]:EUniSessionException : Invalid session or session Timeout. (Session not found: pIR6SBROuC10EADDE3C ) : Addr: $01064335
Disk_Application.exe: 0000585C: 10:37:01 [127.0.0.1]:EDatabaseError : MyQuery1: Field 'reg_seg' not found : Addr: $00EA793A
Disk_Application.exe: 00005818: 11:16:59 [TUniServerModule]:Shutting Down Server.
Disk_Application.exe: 00005818: 11:16:59 [TUniServerModule]:Stopping HTTP Server.
Disk_Application.exe: 00005818: 11:17:00 [TUniServerModule]:HTTP Server Stopped.
Disk_Application.exe: 00005818: 11:17:00 [TUniGUISessionManager]:Terminating Session manager.
Disk_Application.exe: 00005818: 11:17:00 [TUniGUISessionManager]:Stopping Cache Eraser...
Disk_Application.exe: 00005818: 11:17:00 [TUniGUISessionManager]:Cache Eraser Stopped.
Disk_Application.exe: 00005818: 11:17:00 [TUniGUISessionManager]:Destroying Worker Threads.
Disk_Application.exe: 00005818: 11:17:00 [TUniGUISessionManager]:Session manager terminated.
Disk_Application.exe: 00005818: 11:17:00 [TUniWebSocketStack]:Terminating...
Disk_Application.exe: 00005818: 11:17:00 [TUniGUIMessageQ]:Terminated.
Disk_Application.exe: 00005818: 11:17:00 [TUniWebSocketStack]:Terminated.
Disk_Application.exe: 00005818: 11:17:00 [TUniServerModule]:Server Shutdown Completed.
Disk_Application.exe: 00005818: 11:17:00 []:<-------------------------------------------------------------->
Disk_Application.exe: 00005818: 11:17:00 [Terminated]:Exit Code: 0
Disk_Application.exe: 00003808: 11:17:12 []:>--------------------------------------------------------------<
Disk_Application.exe: 00003808: 11:17:12 [TUniServerModule]:Server First Init.
Disk_Application.exe: 00003808: 11:17:12 [TUniServerModule]:Start Path = C:\Users\mxove\Downloads\Compressed\disk_application-master\disk_application-master\Documents\Embarcadero\Studio\Projects\Disk_Application\Win32\Debug\
Disk_Application.exe: 00003808: 11:17:12 [TUniServerModule]:Starting HTTP Server on Port: 8077...
Disk_Application.exe: 00003808: 11:17:12 [TUniServerModule]:HTTP Server Started on Port: 8077
Disk_Application.exe: 00005CDC: 11:17:18 [127.0.0.1]:EUniSessionException : Invalid session or session Timeout. (Session not found: 8NJQNrnfxY10EADE320 ) : Addr: $00EE4335
Disk_Application.exe: 00003A5C: 11:17:32 [127.0.0.1]:EFOpenError : Cannot open file "C:\Users\mxove\Downloads\Compressed\disk_application-master\disk_application-master\Documents\Embarcadero\Studio\Projects\Disk_Application\Win32\Debug\path_to_open_eye_image.png". The system cannot find the file specified : Addr: $00BBF1B3
Disk_Application.exe: 00003808: 11:21:12 [TUniServerModule]:Shutting Down Server.
Disk_Application.exe: 00003808: 11:21:12 [TUniServerModule]:Stopping HTTP Server.
Disk_Application.exe: 00003808: 11:21:13 [TUniServerModule]:HTTP Server Stopped.
Disk_Application.exe: 00003808: 11:21:13 [TUniGUISessionManager]:Terminating Session manager.
Disk_Application.exe: 00003808: 11:21:13 [TUniGUISessionManager]:Stopping Cache Eraser...
Disk_Application.exe: 00003808: 11:21:13 [TUniGUISessionManager]:Cache Eraser Stopped.
Disk_Application.exe: 00003808: 11:21:13 [TUniGUISessionManager]:Destroying Worker Threads.
Disk_Application.exe: 00003808: 11:21:13 [TUniGUISessionManager]:Session manager terminated.
Disk_Application.exe: 00003808: 11:21:13 [TUniWebSocketStack]:Terminating...
Disk_Application.exe: 00003808: 11:21:13 [TUniGUIMessageQ]:Terminated.
Disk_Application.exe: 00003808: 11:21:13 [TUniWebSocketStack]:Terminated.
Disk_Application.exe: 00003808: 11:21:13 [TUniServerModule]:Server Shutdown Completed.
Disk_Application.exe: 00003808: 11:21:13 []:<-------------------------------------------------------------->
Disk_Application.exe: 00003808: 11:21:13 [Terminated]:Exit Code: 0
Disk_Application.exe: 00001778: 11:21:16 []:>--------------------------------------------------------------<
Disk_Application.exe: 00001778: 11:21:16 [TUniServerModule]:Server First Init.
Disk_Application.exe: 00001778: 11:21:16 [TUniServerModule]:Start Path = C:\Users\mxove\Downloads\Compressed\disk_application-master\disk_application-master\Documents\Embarcadero\Studio\Projects\Disk_Application\Win32\Debug\
Disk_Application.exe: 00001778: 11:21:16 [TUniGUISessionManager]:Cache erase job created, Folder count: [1]
Disk_Application.exe: 00001778: 11:21:16 [TUniServerModule]:Starting HTTP Server on Port: 8077...
Disk_Application.exe: 00001778: 11:21:16 [TUniServerModule]:HTTP Server Started on Port: 8077
Disk_Application.exe: 00006010: 11:21:19 [127.0.0.1]:EUniSessionException : Invalid session or session Timeout. (Session not found: FL8fvsvwnq10EADEE3B ) : Addr: $00B44335
Disk_Application.exe: 0000581C: 11:21:23 [127.0.0.1]:EFOpenError : Cannot open file "C:\Users\mxove\Downloads\Compressed\disk_application-master\disk_application-master\Documents\Embarcadero\Studio\Projects\Disk_Application\Win32\Debug\eye_icon0.png". The system cannot find the file specified : Addr: $0081F1B3
Disk_Application.exe: 00001778: 11:24:22 [TUniServerModule]:Shutting Down Server.
Disk_Application.exe: 00001778: 11:24:22 [TUniServerModule]:Stopping HTTP Server.
Disk_Application.exe: 00001778: 11:24:23 [TUniServerModule]:HTTP Server Stopped.
Disk_Application.exe: 00001778: 11:24:23 [TUniGUISessionManager]:Terminating Session manager.
Disk_Application.exe: 00001778: 11:24:23 [TUniGUISessionManager]:Stopping Cache Eraser...
Disk_Application.exe: 00001778: 11:24:23 [TUniGUISessionManager]:Cache Eraser Stopped.
Disk_Application.exe: 00001778: 11:24:24 [TUniGUISessionManager]:Destroying Worker Threads.
Disk_Application.exe: 00001778: 11:24:24 [TUniGUISessionManager]:Session manager terminated.
Disk_Application.exe: 00001778: 11:24:24 [TUniWebSocketStack]:Terminating...
Disk_Application.exe: 00001778: 11:24:24 [TUniGUIMessageQ]:Terminated.
Disk_Application.exe: 00001778: 11:24:24 [TUniWebSocketStack]:Terminated.
Disk_Application.exe: 00001778: 11:24:24 [TUniServerModule]:Server Shutdown Completed.
Disk_Application.exe: 00001778: 11:24:24 []:<-------------------------------------------------------------->
Disk_Application.exe: 00001778: 11:24:24 [Terminated]:Exit Code: 0
Disk_Application.exe: 00005E88: 11:24:26 []:>--------------------------------------------------------------<
Disk_Application.exe: 00005E88: 11:24:26 [TUniServerModule]:Server First Init.
Disk_Application.exe: 00005E88: 11:24:26 [TUniServerModule]:Start Path = C:\Users\mxove\Downloads\Compressed\disk_application-master\disk_application-master\Documents\Embarcadero\Studio\Projects\Disk_Application\Win32\Debug\
Disk_Application.exe: 00005E88: 11:24:26 [TUniGUISessionManager]:Cache erase job created, Folder count: [1]
Disk_Application.exe: 00005E88: 11:24:26 [TUniServerModule]:Starting HTTP Server on Port: 8077...
Disk_Application.exe: 00005E88: 11:24:26 [TUniServerModule]:HTTP Server Started on Port: 8077
Disk_Application.exe: 00006370: 11:24:34 [127.0.0.1]:EUniSessionException : Invalid session or session Timeout. (Session not found: HBLeEL3Qym10EADEF52 ) : Addr: $00B44335
Disk_Application.exe: 00005E88: 11:32:44 [TUniServerModule]:Shutting Down Server.
Disk_Application.exe: 00005E88: 11:32:44 [TUniServerModule]:Stopping HTTP Server.
Disk_Application.exe: 00005E88: 11:32:45 [TUniServerModule]:HTTP Server Stopped.
Disk_Application.exe: 00005E88: 11:32:45 [TUniGUISessionManager]:Terminating Session manager.
Disk_Application.exe: 00005E88: 11:32:45 [TUniGUISessionManager]:Stopping Cache Eraser...
Disk_Application.exe: 00005E88: 11:32:45 [TUniGUISessionManager]:Cache Eraser Stopped.
Disk_Application.exe: 00005E88: 11:32:45 [TUniGUISessionManager]:Destroying Worker Threads.
Disk_Application.exe: 00005E88: 11:32:45 [TUniGUISessionManager]:Session manager terminated.
Disk_Application.exe: 00005E88: 11:32:45 [TUniWebSocketStack]:Terminating...
Disk_Application.exe: 00005E88: 11:32:45 [TUniGUIMessageQ]:Terminated.
Disk_Application.exe: 00005E88: 11:32:45 [TUniWebSocketStack]:Terminated.
Disk_Application.exe: 00005E88: 11:32:45 [TUniServerModule]:Server Shutdown Completed.
Disk_Application.exe: 00005E88: 11:32:45 []:<-------------------------------------------------------------->
Disk_Application.exe: 00005E88: 11:32:45 [Terminated]:Exit Code: 0
Disk_Application.exe: 00000DC0: 11:32:52 []:>--------------------------------------------------------------<
Disk_Application.exe: 00000DC0: 11:32:52 [TUniServerModule]:Server First Init.
Disk_Application.exe: 00000DC0: 11:32:52 [TUniServerModule]:Start Path = C:\Users\mxove\Downloads\Compressed\disk_application-master\disk_application-master\Documents\Embarcadero\Studio\Projects\Disk_Application\Win32\Debug\
Disk_Application.exe: 00000DC0: 11:32:52 [TUniServerModule]:Starting HTTP Server on Port: 8077...
Disk_Application.exe: 00000DC0: 11:32:52 [TUniServerModule]:HTTP Server Started on Port: 8077
Disk_Application.exe: 00004610: 11:32:56 [127.0.0.1]:EUniSessionException : Invalid session or session Timeout. (Session not found: eeJZYd7Tof10EADF034 ) : Addr: $012B4335
Disk_Application.exe: 00000DC0: 12:18:07 [TUniServerModule]:Shutting Down Server.
Disk_Application.exe: 00000DC0: 12:18:07 [TUniServerModule]:Stopping HTTP Server.
Disk_Application.exe: 00000DC0: 12:18:07 [TUniServerModule]:HTTP Server Stopped.
Disk_Application.exe: 00000DC0: 12:18:07 [TUniGUISessionManager]:Terminating Session manager.
Disk_Application.exe: 00000DC0: 12:18:07 [TUniGUISessionManager]:Stopping Cache Eraser...
Disk_Application.exe: 00000DC0: 12:18:07 [TUniGUISessionManager]:Cache Eraser Stopped.
Disk_Application.exe: 00000DC0: 12:18:07 [TUniGUISessionManager]:Destroying Worker Threads.
Disk_Application.exe: 00000DC0: 12:18:07 [TUniGUISessionManager]:Session manager terminated.
Disk_Application.exe: 00000DC0: 12:18:07 [TUniWebSocketStack]:Terminating...
Disk_Application.exe: 00000DC0: 12:18:07 [TUniGUIMessageQ]:Terminated.
Disk_Application.exe: 00000DC0: 12:18:07 [TUniWebSocketStack]:Terminated.
Disk_Application.exe: 00000DC0: 12:18:07 [TUniServerModule]:Server Shutdown Completed.
Disk_Application.exe: 00000DC0: 12:18:07 []:<-------------------------------------------------------------->
Disk_Application.exe: 00000DC0: 12:18:07 [Terminated]:Exit Code: 0
Disk_Application.exe: 0000310C: 12:18:47 []:>--------------------------------------------------------------<
Disk_Application.exe: 0000310C: 12:18:47 [TUniServerModule]:Server First Init.
Disk_Application.exe: 0000310C: 12:18:47 [TUniServerModule]:Start Path = C:\Users\mxove\Downloads\Compressed\disk_application-master\disk_application-master\Documents\Embarcadero\Studio\Projects\Disk_Application\Win32\Debug\
Disk_Application.exe: 0000310C: 12:18:47 [TUniServerModule]:Starting HTTP Server on Port: 8077...
Disk_Application.exe: 0000310C: 12:18:47 [TUniServerModule]:HTTP Server Started on Port: 8077
Disk_Application.exe: 00002ABC: 12:19:00 [127.0.0.1]:EUniSessionException : Invalid session or session Timeout. (Session not found: LXsBXdPxQA10EADF279 ) : Addr: $01184335
Disk_Application.exe: 0000310C: 12:42:43 [TUniServerModule]:Shutting Down Server.
Disk_Application.exe: 0000310C: 12:42:43 [TUniServerModule]:Stopping HTTP Server.
Disk_Application.exe: 0000310C: 12:42:43 [TUniServerModule]:HTTP Server Stopped.
Disk_Application.exe: 0000310C: 12:42:43 [TUniGUISessionManager]:Terminating Session manager.
Disk_Application.exe: 0000310C: 12:42:43 [TUniGUISessionManager]:Stopping Cache Eraser...
Disk_Application.exe: 0000310C: 12:42:43 [TUniGUISessionManager]:Cache Eraser Stopped.
Disk_Application.exe: 0000310C: 12:42:43 [TUniGUISessionManager]:Destroying Worker Threads.
Disk_Application.exe: 0000310C: 12:42:43 [TUniGUISessionManager]:Session manager terminated.
Disk_Application.exe: 0000310C: 12:42:43 [TUniWebSocketStack]:Terminating...
Disk_Application.exe: 0000310C: 12:42:43 [TUniGUIMessageQ]:Terminated.
Disk_Application.exe: 0000310C: 12:42:43 [TUniWebSocketStack]:Terminated.
Disk_Application.exe: 0000310C: 12:42:43 [TUniServerModule]:Server Shutdown Completed.
Disk_Application.exe: 0000310C: 12:42:43 []:<-------------------------------------------------------------->
Disk_Application.exe: 0000310C: 12:42:43 [Terminated]:Exit Code: 0
Disk_Application.exe: 000001CC: 12:42:47 []:>--------------------------------------------------------------<
Disk_Application.exe: 000001CC: 12:42:47 [TUniServerModule]:Server First Init.
Disk_Application.exe: 000001CC: 12:42:47 [TUniServerModule]:Start Path = C:\Users\mxove\Downloads\Compressed\disk_application-master\disk_application-master\Documents\Embarcadero\Studio\Projects\Disk_Application\Win32\Debug\
Disk_Application.exe: 000001CC: 12:42:47 [TUniServerModule]:Starting HTTP Server on Port: 8077...
Disk_Application.exe: 000001CC: 12:42:47 [TUniServerModule]:HTTP Server Started on Port: 8077
Disk_Application.exe: 0000678C: 12:42:54 [127.0.0.1]:EUniSessionException : Invalid session or session Timeout. (Session not found: BYvv6Mbddn10EADFEF9 ) : Addr: $00714335
Disk_Application.exe: 000001CC: 12:48:51 [TUniServerModule]:Shutting Down Server.
Disk_Application.exe: 000001CC: 12:48:51 [TUniServerModule]:Stopping HTTP Server.
Disk_Application.exe: 000001CC: 12:48:52 [TUniServerModule]:HTTP Server Stopped.
Disk_Application.exe: 000001CC: 12:48:52 [TUniGUISessionManager]:Terminating Session manager.
Disk_Application.exe: 000001CC: 12:48:52 [TUniGUISessionManager]:Stopping Cache Eraser...
Disk_Application.exe: 000001CC: 12:48:52 [TUniGUISessionManager]:Cache Eraser Stopped.
Disk_Application.exe: 000001CC: 12:48:52 [TUniGUISessionManager]:Destroying Worker Threads.
Disk_Application.exe: 000001CC: 12:48:52 [TUniGUISessionManager]:Session manager terminated.
Disk_Application.exe: 000001CC: 12:48:52 [TUniWebSocketStack]:Terminating...
Disk_Application.exe: 000001CC: 12:48:52 [TUniGUIMessageQ]:Terminated.
Disk_Application.exe: 000001CC: 12:48:52 [TUniWebSocketStack]:Terminated.
Disk_Application.exe: 000001CC: 12:48:52 [TUniServerModule]:Server Shutdown Completed.
Disk_Application.exe: 000001CC: 12:48:52 []:<-------------------------------------------------------------->
Disk_Application.exe: 000001CC: 12:48:52 [Terminated]:Exit Code: 0
Disk_Application.exe: 000067B4: 12:49:00 []:>--------------------------------------------------------------<
Disk_Application.exe: 000067B4: 12:49:00 [TUniServerModule]:Server First Init.
Disk_Application.exe: 000067B4: 12:49:00 [TUniServerModule]:Start Path = C:\Users\mxove\Downloads\Compressed\disk_application-master\disk_application-master\Documents\Embarcadero\Studio\Projects\Disk_Application\Win32\Debug\
Disk_Application.exe: 000067B4: 12:49:00 [TUniServerModule]:Starting HTTP Server on Port: 8077...
Disk_Application.exe: 000067B4: 12:49:00 [TUniServerModule]:HTTP Server Started on Port: 8077
Disk_Application.exe: 00002654: 12:49:22 [127.0.0.1]:EUniSessionException : Invalid session or session Timeout. (Session not found: OlFfir7IPh10EAE0574 ) : Addr: $011B4335
Disk_Application.exe: 000067B4: 13:16:36 [TUniServerModule]:Shutting Down Server.
Disk_Application.exe: 000067B4: 13:16:36 [TUniServerModule]:Stopping HTTP Server.
Disk_Application.exe: 000067B4: 13:16:37 [TUniServerModule]:HTTP Server Stopped.
Disk_Application.exe: 000067B4: 13:16:37 [TUniGUISessionManager]:Terminating Session manager.
Disk_Application.exe: 000067B4: 13:16:37 [TUniGUISessionManager]:Stopping Cache Eraser...
Disk_Application.exe: 000067B4: 13:16:37 [TUniGUISessionManager]:Cache Eraser Stopped.
Disk_Application.exe: 000067B4: 13:16:37 [TUniGUISessionManager]:Destroying Worker Threads.
Disk_Application.exe: 000067B4: 13:16:37 [TUniGUISessionManager]:Session manager terminated.
Disk_Application.exe: 000067B4: 13:16:37 [TUniWebSocketStack]:Terminating...
Disk_Application.exe: 000067B4: 13:16:37 [TUniGUIMessageQ]:Terminated.
Disk_Application.exe: 000067B4: 13:16:37 [TUniWebSocketStack]:Terminated.
Disk_Application.exe: 000067B4: 13:16:37 [TUniServerModule]:Server Shutdown Completed.
Disk_Application.exe: 000067B4: 13:16:37 []:<-------------------------------------------------------------->
Disk_Application.exe: 000067B4: 13:16:37 [Terminated]:Exit Code: 0
Disk_Application.exe: 0000386C: 13:16:51 []:>--------------------------------------------------------------<
Disk_Application.exe: 0000386C: 13:16:51 [TUniServerModule]:Server First Init.
Disk_Application.exe: 0000386C: 13:16:51 [TUniServerModule]:Start Path = C:\Users\mxove\Downloads\Compressed\disk_application-master\disk_application-master\Documents\Embarcadero\Studio\Projects\Disk_Application\Win32\Debug\
Disk_Application.exe: 0000386C: 13:16:51 [TUniServerModule]:Starting HTTP Server on Port: 8077...
Disk_Application.exe: 0000386C: 13:16:51 [TUniServerModule]:HTTP Server Started on Port: 8077
Disk_Application.exe: 00005EC0: 13:16:59 [127.0.0.1]:EUniSessionException : Invalid session or session Timeout. (Session not found: VtNTBcgvWL10EAE0735 ) : Addr: $007F4335
Disk_Application.exe: 0000386C: 13:18:21 [TUniServerModule]:Shutting Down Server.
Disk_Application.exe: 0000386C: 13:18:21 [TUniServerModule]:Stopping HTTP Server.
Disk_Application.exe: 0000386C: 13:18:22 [TUniServerModule]:HTTP Server Stopped.
Disk_Application.exe: 0000386C: 13:18:22 [TUniGUISessionManager]:Terminating Session manager.
Disk_Application.exe: 0000386C: 13:18:22 [TUniGUISessionManager]:Stopping Cache Eraser...
Disk_Application.exe: 0000386C: 13:18:22 [TUniGUISessionManager]:Cache Eraser Stopped.
Disk_Application.exe: 0000386C: 13:18:22 [TUniGUISessionManager]:Destroying Worker Threads.
Disk_Application.exe: 0000386C: 13:18:22 [TUniGUISessionManager]:Session manager terminated.
Disk_Application.exe: 0000386C: 13:18:22 [TUniWebSocketStack]:Terminating...
Disk_Application.exe: 0000386C: 13:18:22 [TUniGUIMessageQ]:Terminated.
Disk_Application.exe: 0000386C: 13:18:22 [TUniWebSocketStack]:Terminated.
Disk_Application.exe: 0000386C: 13:18:23 [TUniServerModule]:Server Shutdown Completed.
Disk_Application.exe: 0000386C: 13:18:23 []:<-------------------------------------------------------------->
Disk_Application.exe: 0000386C: 13:18:23 [Terminated]:Exit Code: 0
Disk_Application.exe: 0000667C: 13:28:56 []:>--------------------------------------------------------------<
Disk_Application.exe: 0000667C: 13:28:56 [TUniServerModule]:Server First Init.
Disk_Application.exe: 0000667C: 13:28:56 [TUniServerModule]:Start Path = C:\Users\mxove\Downloads\Compressed\disk_application-master\disk_application-master\Documents\Embarcadero\Studio\Projects\Disk_Application\Win32\Debug\
Disk_Application.exe: 0000667C: 13:28:56 [TUniGUISessionManager]:Cache erase job created, Folder count: [1]
Disk_Application.exe: 0000667C: 13:28:56 [TUniServerModule]:Starting HTTP Server on Port: 8077...
Disk_Application.exe: 0000667C: 13:28:56 [TUniServerModule]:HTTP Server Started on Port: 8077
Disk_Application.exe: 000061D8: 13:29:02 [127.0.0.1]:EUniSessionException : Invalid session or session Timeout. (Session not found: CsIQKn97oS10EAE0EB2 ) : Addr: $00C04335
Disk_Application.exe: 0000667C: 13:35:51 [TUniServerModule]:Shutting Down Server.
Disk_Application.exe: 0000667C: 13:35:51 [TUniServerModule]:Stopping HTTP Server.
Disk_Application.exe: 0000667C: 13:35:52 [TUniServerModule]:HTTP Server Stopped.
Disk_Application.exe: 0000667C: 13:35:52 [TUniGUISessionManager]:Terminating Session manager.
Disk_Application.exe: 0000667C: 13:35:52 [TUniGUISessionManager]:Stopping Cache Eraser...
Disk_Application.exe: 0000667C: 13:35:52 [TUniGUISessionManager]:Cache Eraser Stopped.
Disk_Application.exe: 0000667C: 13:35:52 [TUniGUISessionManager]:Destroying Worker Threads.
Disk_Application.exe: 0000667C: 13:35:52 [TUniGUISessionManager]:Session manager terminated.
Disk_Application.exe: 0000667C: 13:35:52 [TUniWebSocketStack]:Terminating...
Disk_Application.exe: 0000667C: 13:35:52 [TUniGUIMessageQ]:Terminated.
Disk_Application.exe: 0000667C: 13:35:52 [TUniWebSocketStack]:Terminated.
Disk_Application.exe: 0000667C: 13:35:52 [TUniServerModule]:Server Shutdown Completed.
Disk_Application.exe: 0000667C: 13:35:52 []:<-------------------------------------------------------------->
Disk_Application.exe: 0000667C: 13:35:52 [Terminated]:Exit Code: 0
Disk_Application.exe: 000014AC: 13:35:57 []:>--------------------------------------------------------------<
Disk_Application.exe: 000014AC: 13:35:57 [TUniServerModule]:Server First Init.
Disk_Application.exe: 000014AC: 13:35:57 [TUniServerModule]:Start Path = C:\Users\mxove\Downloads\Compressed\disk_application-master\disk_application-master\Documents\Embarcadero\Studio\Projects\Disk_Application\Win32\Debug\
Disk_Application.exe: 000014AC: 13:35:57 [TUniServerModule]:Starting HTTP Server on Port: 8077...
Disk_Application.exe: 000014AC: 13:35:57 [TUniServerModule]:HTTP Server Started on Port: 8077
Disk_Application.exe: 00006554: 13:36:01 [127.0.0.1]:EUniSessionException : Invalid session or session Timeout. (Session not found: xq2SUMTJJa10EAE11F8 ) : Addr: $005B4335
Disk_Application.exe: 000014AC: 13:43:17 [TUniServerModule]:Shutting Down Server.
Disk_Application.exe: 000014AC: 13:43:17 [TUniServerModule]:Stopping HTTP Server.
Disk_Application.exe: 000014AC: 13:43:18 [TUniServerModule]:HTTP Server Stopped.
Disk_Application.exe: 000014AC: 13:43:18 [TUniGUISessionManager]:Terminating Session manager.
Disk_Application.exe: 000014AC: 13:43:18 [TUniGUISessionManager]:Stopping Cache Eraser...
Disk_Application.exe: 000014AC: 13:43:18 [TUniGUISessionManager]:Cache Eraser Stopped.
Disk_Application.exe: 000014AC: 13:43:18 [TUniGUISessionManager]:Destroying Worker Threads.
Disk_Application.exe: 000014AC: 13:43:18 [TUniGUISessionManager]:Session manager terminated.
Disk_Application.exe: 000014AC: 13:43:18 [TUniWebSocketStack]:Terminating...
Disk_Application.exe: 000014AC: 13:43:18 [TUniGUIMessageQ]:Terminated.
Disk_Application.exe: 000014AC: 13:43:18 [TUniWebSocketStack]:Terminated.
Disk_Application.exe: 000014AC: 13:43:18 [TUniServerModule]:Server Shutdown Completed.
Disk_Application.exe: 000014AC: 13:43:18 []:<-------------------------------------------------------------->
Disk_Application.exe: 000014AC: 13:43:18 [Terminated]:Exit Code: 0
Disk_Application.exe: 000024F0: 13:43:21 []:>--------------------------------------------------------------<
Disk_Application.exe: 000024F0: 13:43:21 [TUniServerModule]:Server First Init.
Disk_Application.exe: 000024F0: 13:43:21 [TUniServerModule]:Start Path = C:\Users\mxove\Downloads\Compressed\disk_application-master\disk_application-master\Documents\Embarcadero\Studio\Projects\Disk_Application\Win32\Debug\
Disk_Application.exe: 000024F0: 13:43:21 [TUniServerModule]:Starting HTTP Server on Port: 8077...
Disk_Application.exe: 000024F0: 13:43:21 [TUniServerModule]:HTTP Server Started on Port: 8077
Disk_Application.exe: 00002760: 13:43:26 [127.0.0.1]:EUniSessionException : Invalid session or session Timeout. (Session not found: FSmrwxlZGp10EAE13DC ) : Addr: $00634335
Disk_Application.exe: 000024F0: 13:45:07 [TUniServerModule]:Shutting Down Server.
Disk_Application.exe: 000024F0: 13:45:07 [TUniServerModule]:Stopping HTTP Server.
Disk_Application.exe: 000024F0: 13:45:09 [TUniServerModule]:HTTP Server Stopped.
Disk_Application.exe: 000024F0: 13:45:09 [TUniGUISessionManager]:Terminating Session manager.
Disk_Application.exe: 000024F0: 13:45:09 [TUniGUISessionManager]:Stopping Cache Eraser...
Disk_Application.exe: 000024F0: 13:45:09 [TUniGUISessionManager]:Cache Eraser Stopped.
Disk_Application.exe: 000024F0: 13:45:09 [TUniGUISessionManager]:Destroying Worker Threads.
Disk_Application.exe: 000024F0: 13:45:09 [TUniGUISessionManager]:Session manager terminated.
Disk_Application.exe: 000024F0: 13:45:09 [TUniWebSocketStack]:Terminating...
Disk_Application.exe: 000024F0: 13:45:09 [TUniGUIMessageQ]:Terminated.
Disk_Application.exe: 000024F0: 13:45:09 [TUniWebSocketStack]:Terminated.
Disk_Application.exe: 000024F0: 13:45:09 [TUniServerModule]:Server Shutdown Completed.
Disk_Application.exe: 000024F0: 13:45:09 []:<-------------------------------------------------------------->
Disk_Application.exe: 000024F0: 13:45:09 [Terminated]:Exit Code: 0
Disk_Application.exe: 000019D4: 13:45:12 []:>--------------------------------------------------------------<
Disk_Application.exe: 000019D4: 13:45:12 [TUniServerModule]:Server First Init.
Disk_Application.exe: 000019D4: 13:45:12 [TUniServerModule]:Start Path = C:\Users\mxove\Downloads\Compressed\disk_application-master\disk_application-master\Documents\Embarcadero\Studio\Projects\Disk_Application\Win32\Debug\
Disk_Application.exe: 000019D4: 13:45:12 [TUniGUISessionManager]:Cache erase job created, Folder count: [1]
Disk_Application.exe: 000019D4: 13:45:13 [TUniServerModule]:Starting HTTP Server on Port: 8077...
Disk_Application.exe: 000019D4: 13:45:13 [TUniServerModule]:HTTP Server Started on Port: 8077
Disk_Application.exe: 0000599C: 13:45:17 [127.0.0.1]:EUniSessionException : Invalid session or session Timeout. (Session not found: KUHgVURjEg10EAE15E0 ) : Addr: $00954335
Disk_Application.exe: 000019D4: 13:49:44 [TUniServerModule]:Shutting Down Server.
Disk_Application.exe: 000019D4: 13:49:44 [TUniServerModule]:Stopping HTTP Server.
Disk_Application.exe: 000019D4: 13:49:45 [TUniServerModule]:HTTP Server Stopped.
Disk_Application.exe: 000019D4: 13:49:45 [TUniGUISessionManager]:Terminating Session manager.
Disk_Application.exe: 000019D4: 13:49:45 [TUniGUISessionManager]:Stopping Cache Eraser...
Disk_Application.exe: 000019D4: 13:49:45 [TUniGUISessionManager]:Cache Eraser Stopped.
Disk_Application.exe: 000019D4: 13:49:45 [TUniGUISessionManager]:Destroying Worker Threads.
Disk_Application.exe: 000019D4: 13:49:45 [TUniGUISessionManager]:Session manager terminated.
Disk_Application.exe: 000019D4: 13:49:45 [TUniWebSocketStack]:Terminating...
Disk_Application.exe: 000019D4: 13:49:45 [TUniGUIMessageQ]:Terminated.
Disk_Application.exe: 000019D4: 13:49:45 [TUniWebSocketStack]:Terminated.
Disk_Application.exe: 000019D4: 13:49:45 [TUniServerModule]:Server Shutdown Completed.
Disk_Application.exe: 000019D4: 13:49:45 []:<-------------------------------------------------------------->
Disk_Application.exe: 000019D4: 13:49:45 [Terminated]:Exit Code: 0
Disk_Application.exe: 000035E8: 13:50:16 []:>--------------------------------------------------------------<
Disk_Application.exe: 000035E8: 13:50:16 [TUniServerModule]:Server First Init.
Disk_Application.exe: 000035E8: 13:50:16 [TUniServerModule]:Start Path = C:\Users\mxove\Downloads\Compressed\disk_application-master\disk_application-master\Documents\Embarcadero\Studio\Projects\Disk_Application\Win32\Debug\
Disk_Application.exe: 000035E8: 13:50:16 [TUniGUISessionManager]:Cache erase job created, Folder count: [1]
Disk_Application.exe: 000035E8: 13:50:16 [TUniServerModule]:Starting HTTP Server on Port: 8077...
Disk_Application.exe: 000035E8: 13:50:16 [TUniServerModule]:HTTP Server Started on Port: 8077
Disk_Application.exe: 00006440: 13:50:32 [127.0.0.1]:EUniSessionException : Invalid session or session Timeout. (Session not found: NMMz2h6Tqb10EAE1660 ) : Addr: $01234335
Disk_Application.exe: 000035E8: 14:18:40 [TUniServerModule]:Shutting Down Server.
Disk_Application.exe: 000035E8: 14:18:40 [TUniServerModule]:Stopping HTTP Server.
Disk_Application.exe: 000035E8: 14:18:41 [TUniServerModule]:HTTP Server Stopped.
Disk_Application.exe: 000035E8: 14:18:41 [TUniGUISessionManager]:Terminating Session manager.
Disk_Application.exe: 000035E8: 14:18:41 [TUniGUISessionManager]:Stopping Cache Eraser...
Disk_Application.exe: 000035E8: 14:18:41 [TUniGUISessionManager]:Cache Eraser Stopped.
Disk_Application.exe: 000035E8: 14:18:41 [TUniGUISessionManager]:Destroying Worker Threads.
Disk_Application.exe: 000035E8: 14:18:41 [TUniGUISessionManager]:Session manager terminated.
Disk_Application.exe: 000035E8: 14:18:41 [TUniWebSocketStack]:Terminating...
Disk_Application.exe: 000035E8: 14:18:41 [TUniGUIMessageQ]:Terminated.
Disk_Application.exe: 000035E8: 14:18:41 [TUniWebSocketStack]:Terminated.
Disk_Application.exe: 000035E8: 14:18:41 [TUniServerModule]:Server Shutdown Completed.
Disk_Application.exe: 000035E8: 14:18:41 []:<-------------------------------------------------------------->
Disk_Application.exe: 000035E8: 14:18:41 [Terminated]:Exit Code: 0
Disk_Application.exe: 00006698: 14:18:48 []:>--------------------------------------------------------------<
Disk_Application.exe: 00006698: 14:18:48 [TUniServerModule]:Server First Init.
Disk_Application.exe: 00006698: 14:18:48 [TUniServerModule]:Start Path = C:\Users\mxove\Downloads\Compressed\disk_application-master\disk_application-master\Documents\Embarcadero\Studio\Projects\Disk_Application\Win32\Debug\
Disk_Application.exe: 00006698: 14:18:48 [TUniServerModule]:Starting HTTP Server on Port: 8077...
Disk_Application.exe: 00006698: 14:18:48 [TUniServerModule]:HTTP Server Started on Port: 8077
Disk_Application.exe: 00005624: 14:18:56 [127.0.0.1]:EUniSessionException : Invalid session or session Timeout. (Session not found: 5XS4Vo8aOQ10EAE17CC ) : Addr: $005A4335
Disk_Application.exe: 00006698: 14:47:28 [TUniServerModule]:Shutting Down Server.
Disk_Application.exe: 00006698: 14:47:28 [TUniServerModule]:Stopping HTTP Server.
Disk_Application.exe: 00006698: 14:47:28 [TUniServerModule]:HTTP Server Stopped.
Disk_Application.exe: 00006698: 14:47:28 [TUniGUISessionManager]:Terminating Session manager.
Disk_Application.exe: 00006698: 14:47:28 [TUniGUISessionManager]:Stopping Cache Eraser...
Disk_Application.exe: 00006698: 14:47:28 [TUniGUISessionManager]:Cache Eraser Stopped.
Disk_Application.exe: 00006698: 14:47:28 [TUniGUISessionManager]:Destroying Worker Threads.
Disk_Application.exe: 00006698: 14:47:28 [TUniGUISessionManager]:Session manager terminated.
Disk_Application.exe: 00006698: 14:47:28 [TUniWebSocketStack]:Terminating...
Disk_Application.exe: 00006698: 14:47:28 [TUniGUIMessageQ]:Terminated.
Disk_Application.exe: 00006698: 14:47:28 [TUniWebSocketStack]:Terminated.
Disk_Application.exe: 00006698: 14:47:29 [TUniServerModule]:Server Shutdown Completed.
Disk_Application.exe: 00006698: 14:47:29 []:<-------------------------------------------------------------->
Disk_Application.exe: 00006698: 14:47:29 [Terminated]:Exit Code: 0
Disk_Application.exe: 00002144: 14:47:34 []:>--------------------------------------------------------------<
Disk_Application.exe: 00002144: 14:47:34 [TUniServerModule]:Server First Init.
Disk_Application.exe: 00002144: 14:47:34 [TUniServerModule]:Start Path = C:\Users\mxove\Downloads\Compressed\disk_application-master\disk_application-master\Documents\Embarcadero\Studio\Projects\Disk_Application\Win32\Debug\
Disk_Application.exe: 00002144: 14:47:34 [TUniServerModule]:Starting HTTP Server on Port: 8077...
Disk_Application.exe: 00002144: 14:47:34 [TUniServerModule]:HTTP Server Started on Port: 8077
Disk_Application.exe: 000064E0: 14:47:38 [127.0.0.1]:EUniSessionException : Invalid session or session Timeout. (Session not found: LHcfBLCN3N10EAE1F80 ) : Addr: $00FE4335
Disk_Application.exe: 00002144: 14:53:17 [TUniServerModule]:Shutting Down Server.
Disk_Application.exe: 00002144: 14:53:17 [TUniServerModule]:Stopping HTTP Server.
Disk_Application.exe: 00002144: 14:53:18 [TUniServerModule]:HTTP Server Stopped.
Disk_Application.exe: 00002144: 14:53:18 [TUniGUISessionManager]:Terminating Session manager.
Disk_Application.exe: 00002144: 14:53:18 [TUniGUISessionManager]:Stopping Cache Eraser...
Disk_Application.exe: 00002144: 14:53:18 [TUniGUISessionManager]:Cache Eraser Stopped.
Disk_Application.exe: 00002144: 14:53:18 [TUniGUISessionManager]:Destroying Worker Threads.
Disk_Application.exe: 00002144: 14:53:18 [TUniGUISessionManager]:Session manager terminated.
Disk_Application.exe: 00002144: 14:53:18 [TUniWebSocketStack]:Terminating...
Disk_Application.exe: 00002144: 14:53:18 [TUniGUIMessageQ]:Terminated.
Disk_Application.exe: 00002144: 14:53:18 [TUniWebSocketStack]:Terminated.
Disk_Application.exe: 00002144: 14:53:18 [TUniServerModule]:Server Shutdown Completed.
Disk_Application.exe: 00002144: 14:53:18 []:<-------------------------------------------------------------->
Disk_Application.exe: 00002144: 14:53:18 [Terminated]:Exit Code: 0
Disk_Application.exe: 00006740: 14:53:21 []:>--------------------------------------------------------------<
Disk_Application.exe: 00006740: 14:53:21 [TUniServerModule]:Server First Init.
Disk_Application.exe: 00006740: 14:53:21 [TUniServerModule]:Start Path = C:\Users\mxove\Downloads\Compressed\disk_application-master\disk_application-master\Documents\Embarcadero\Studio\Projects\Disk_Application\Win32\Debug\
Disk_Application.exe: 00006740: 14:53:21 [TUniServerModule]:Starting HTTP Server on Port: 8077...
Disk_Application.exe: 00006740: 14:53:21 [TUniServerModule]:HTTP Server Started on Port: 8077
Disk_Application.exe: 00005D40: 14:53:24 [127.0.0.1]:EUniSessionException : Invalid session or session Timeout. (Session not found: qmJFkvv7kl10EAE274A ) : Addr: $009A4335
Disk_Application.exe: 00006740: 14:53:35 [TUniServerModule]:Shutting Down Server.
Disk_Application.exe: 00006740: 14:53:35 [TUniServerModule]:Stopping HTTP Server.
Disk_Application.exe: 00006740: 14:53:36 [TUniServerModule]:HTTP Server Stopped.
Disk_Application.exe: 00006740: 14:53:36 [TUniGUISessionManager]:Terminating Session manager.
Disk_Application.exe: 00006740: 14:53:36 [TUniGUISessionManager]:Stopping Cache Eraser...
Disk_Application.exe: 00006740: 14:53:36 [TUniGUISessionManager]:Cache Eraser Stopped.
Disk_Application.exe: 00006740: 14:53:36 [TUniGUISessionManager]:Destroying Worker Threads.
Disk_Application.exe: 00006740: 14:53:36 [TUniGUISessionManager]:Session manager terminated.
Disk_Application.exe: 00006740: 14:53:36 [TUniWebSocketStack]:Terminating...
Disk_Application.exe: 00006740: 14:53:36 [TUniGUIMessageQ]:Terminated.
Disk_Application.exe: 00006740: 14:53:36 [TUniWebSocketStack]:Terminated.
Disk_Application.exe: 00006740: 14:53:37 [TUniServerModule]:Server Shutdown Completed.
Disk_Application.exe: 00006740: 14:53:37 []:<-------------------------------------------------------------->
Disk_Application.exe: 00006740: 14:53:37 [Terminated]:Exit Code: 0
Disk_Application.exe: 00000A94: 14:54:54 []:>--------------------------------------------------------------<
Disk_Application.exe: 00000A94: 14:54:54 [TUniServerModule]:Server First Init.
Disk_Application.exe: 00000A94: 14:54:54 [TUniServerModule]:Start Path = C:\Users\mxove\Downloads\Compressed\disk_application-master\disk_application-master\Documents\Embarcadero\Studio\Projects\Disk_Application\Win32\Debug\
Disk_Application.exe: 00000A94: 14:54:54 [TUniGUISessionManager]:Cache erase job created, Folder count: [1]
Disk_Application.exe: 00000A94: 14:54:54 [TUniServerModule]:Starting HTTP Server on Port: 8077...
Disk_Application.exe: 00000A94: 14:54:54 [TUniServerModule]:HTTP Server Started on Port: 8077
Disk_Application.exe: 000061F4: 14:54:58 [127.0.0.1]:EUniSessionException : Invalid session or session Timeout. (Session not found: VsBLBPUaov10EAE28DB ) : Addr: $00C34335
